# JRE version: OpenJDK Runtime Environment GraalVM CE 22.3.0 (17.0.5+8) (build 17.0.5+8-jvmci-22.3-b08)
# Java VM: OpenJDK 64-Bit Server VM GraalVM CE 22.3.0 (17.0.5+8-jvmci-22.3-b08, mixed mode, sharing, tiered, jvmci, jvmci compiler, compressed oops, compressed class ptrs, parallel gc, linux-amd64)
GC Precious Log:
 CPUs: 16 total, 2 available
 Memory: 3215M
 Large Page Support: Disabled
 NUMA Support: Disabled
 Compressed Oops: Enabled (32-bit)
 Alignments: Space 512K, Generation 512K, Heap 2M
 Heap Min Capacity: 100M
 Heap Initial Capacity: 100M
 Heap Max Capacity: 512M
 Pre-touch: Disabled
 Parallel Workers: 2
Heap:
 PSYoungGen      total 69632K, used 46080K [0x00000000f5580000, 0x00000000fc000000, 0x0000000100000000)
  eden space 46080K, 100% used [0x00000000f5580000,0x00000000f8280000,0x00000000f8280000)
  from space 23552K, 0% used [0x00000000f8280000,0x00000000f8280000,0x00000000f9980000)
  to   space 28160K, 0% used [0x00000000fa480000,0x00000000fa480000,0x00000000fc000000)
 ParOldGen       total 349696K, used 349696K [0x00000000e0000000, 0x00000000f5580000, 0x00000000f5580000)
  object space 349696K, 100% used [0x00000000e0000000,0x00000000f5580000,0x00000000f5580000)
 Metaspace       used 56252K, committed 57408K, reserved 1105920K
  class space    used 5574K, committed 6016K, reserved 1048576K
GC Heap History (20 events):
Event: 89.107 GC heap before
{Heap before GC invocations=227 (full 157):
 PSYoungGen      total 69632K, used 46079K [0x00000000f5580000, 0x00000000fc000000, 0x0000000100000000)
  eden space 46080K, 99% used [0x00000000f5580000,0x00000000f827fff8,0x00000000f8280000)
  from space 23552K, 0% used [0x00000000f8280000,0x00000000f8280000,0x00000000f9980000)
  to   space 28160K, 0% used [0x00000000fa480000,0x00000000fa480000,0x00000000fc000000)
 ParOldGen       total 349696K, used 349693K [0x00000000e0000000, 0x00000000f5580000, 0x00000000f5580000)
  object space 349696K, 99% used [0x00000000e0000000,0x00000000f557f4e0,0x00000000f5580000)
 Metaspace       used 56252K, committed 57408K, reserved 1105920K
  class space    used 5574K, committed 6016K, reserved 1048576K
}
Event: 89.533 GC heap after
{Heap after GC invocations=227 (full 157):
 PSYoungGen      total 74240K, used 46079K [0x00000000f5580000, 0x00000000fc000000, 0x0000000100000000)
  eden space 46080K, 99% used [0x00000000f5580000,0x00000000f827ffe0,0x00000000f8280000)
  from space 28160K, 0% used [0x00000000fa480000,0x00000000fa480000,0x00000000fc000000)
  to   space 23552K, 0% used [0x00000000f8280000,0x00000000f8280000,0x00000000f9980000)
 ParOldGen       total 349696K, used 349691K [0x00000000e0000000, 0x00000000f5580000, 0x00000000f5580000)
  object space 349696K, 99% used [0x00000000e0000000,0x00000000f557ee40,0x00000000f5580000)
 Metaspace       used 56252K, committed 57408K, reserved 1105920K
  class space    used 5574K, committed 6016K, reserved 1048576K
}
Event: 89.533 GC heap before
{Heap before GC invocations=228 (full 158):
 PSYoungGen      total 74240K, used 46080K [0x00000000f5580000, 0x00000000fc000000, 0x0000000100000000)
  eden space 46080K, 100% used [0x00000000f5580000,0x00000000f8280000,0x00000000f8280000)
  from space 28160K, 0% used [0x00000000fa480000,0x00000000fa480000,0x00000000fc000000)
  to   space 23552K, 0% used [0x00000000f8280000,0x00000000f8280000,0x00000000f9980000)
 ParOldGen       total 349696K, used 349694K [0x00000000e0000000, 0x00000000f5580000, 0x00000000f5580000)
  object space 349696K, 99% used [0x00000000e0000000,0x00000000f557fbe8,0x00000000f5580000)
 Metaspace       used 56252K, committed 57408K, reserved 1105920K
  class space    used 5574K, committed 6016K, reserved 1048576K
}
Event: 89.964 GC heap after
{Heap after GC invocations=228 (full 158):
 PSYoungGen      total 69632K, used 46079K [0x00000000f5580000, 0x00000000fc000000, 0x0000000100000000)
  eden space 46080K, 99% used [0x00000000f5580000,0x00000000f827ffb8,0x00000000f8280000)
  from space 23552K, 0% used [0x00000000f8280000,0x00000000f8280000,0x00000000f9980000)
  to   space 28160K, 0% used [0x00000000fa480000,0x00000000fa480000,0x00000000fc000000)
 ParOldGen       total 349696K, used 349694K [0x00000000e0000000, 0x00000000f5580000, 0x00000000f5580000)
  object space 349696K, 99% used [0x00000000e0000000,0x00000000f557fb78,0x00000000f5580000)
 Metaspace       used 56252K, committed 57408K, reserved 1105920K
  class space    used 5574K, committed 6016K, reserved 1048576K
}
Event: 89.964 GC heap before
{Heap before GC invocations=229 (full 159):
 PSYoungGen      total 69632K, used 46080K [0x00000000f5580000, 0x00000000fc000000, 0x0000000100000000)
  eden space 46080K, 100% used [0x00000000f5580000,0x00000000f8280000,0x00000000f8280000)
  from space 23552K, 0% used [0x00000000f8280000,0x00000000f8280000,0x00000000f9980000)
  to   space 28160K, 0% used [0x00000000fa480000,0x00000000fa480000,0x00000000fc000000)
 ParOldGen       total 349696K, used 349694K [0x00000000e0000000, 0x00000000f5580000, 0x00000000f5580000)
  object space 349696K, 99% used [0x00000000e0000000,0x00000000f557fb78,0x00000000f5580000)
 Metaspace       used 56252K, committed 57408K, reserved 1105920K
  class space    used 5574K, committed 6016K, reserved 1048576K
}
Event: 90.378 GC heap after
{Heap after GC invocations=229 (full 159):
 PSYoungGen      total 74240K, used 46079K [0x00000000f5580000, 0x00000000fc000000, 0x0000000100000000)
  eden space 46080K, 99% used [0x00000000f5580000,0x00000000f827fff0,0x00000000f8280000)
  from space 28160K, 0% used [0x00000000fa480000,0x00000000fa480000,0x00000000fc000000)
  to   space 23552K, 0% used [0x00000000f8280000,0x00000000f8280000,0x00000000f9980000)
 ParOldGen       total 349696K, used 349694K [0x00000000e0000000, 0x00000000f5580000, 0x00000000f5580000)
  object space 349696K, 99% used [0x00000000e0000000,0x00000000f557fb78,0x00000000f5580000)
 Metaspace       used 56252K, committed 57408K, reserved 1105920K
  class space    used 5574K, committed 6016K, reserved 1048576K
}
Event: 90.379 GC heap before
{Heap before GC invocations=230 (full 160):
 PSYoungGen      total 74240K, used 46080K [0x00000000f5580000, 0x00000000fc000000, 0x0000000100000000)
  eden space 46080K, 100% used [0x00000000f5580000,0x00000000f8280000,0x00000000f8280000)
  from space 28160K, 0% used [0x00000000fa480000,0x00000000fa480000,0x00000000fc000000)
  to   space 23552K, 0% used [0x00000000f8280000,0x00000000f8280000,0x00000000f9980000)
 ParOldGen       total 349696K, used 349696K [0x00000000e0000000, 0x00000000f5580000, 0x00000000f5580000)
  object space 349696K, 100% used [0x00000000e0000000,0x00000000f5580000,0x00000000f5580000)
 Metaspace       used 56252K, committed 57408K, reserved 1105920K
  class space    used 5574K, committed 6016K, reserved 1048576K
}
Event: 90.796 GC heap after
{Heap after GC invocations=230 (full 160):
 PSYoungGen      total 69632K, used 46079K [0x00000000f5580000, 0x00000000fc000000, 0x0000000100000000)
  eden space 46080K, 99% used [0x00000000f5580000,0x00000000f827ff78,0x00000000f8280000)
  from space 23552K, 0% used [0x00000000f8280000,0x00000000f8280000,0x00000000f9980000)
  to   space 28160K, 0% used [0x00000000fa480000,0x00000000fa480000,0x00000000fc000000)
 ParOldGen       total 349696K, used 349695K [0x00000000e0000000, 0x00000000f5580000, 0x00000000f5580000)
  object space 349696K, 99% used [0x00000000e0000000,0x00000000f557ff30,0x00000000f5580000)
 Metaspace       used 56252K, committed 57408K, reserved 1105920K
  class space    used 5574K, committed 6016K, reserved 1048576K
}
Event: 90.796 GC heap before
{Heap before GC invocations=231 (full 161):
 PSYoungGen      total 69632K, used 46080K [0x00000000f5580000, 0x00000000fc000000, 0x0000000100000000)
  eden space 46080K, 100% used [0x00000000f5580000,0x00000000f8280000,0x00000000f8280000)
  from space 23552K, 0% used [0x00000000f8280000,0x00000000f8280000,0x00000000f9980000)
  to   space 28160K, 0% used [0x00000000fa480000,0x00000000fa480000,0x00000000fc000000)
 ParOldGen       total 349696K, used 349695K [0x00000000e0000000, 0x00000000f5580000, 0x00000000f5580000)
  object space 349696K, 99% used [0x00000000e0000000,0x00000000f557ff30,0x00000000f5580000)
 Metaspace       used 56252K, committed 57408K, reserved 1105920K
  class space    used 5574K, committed 6016K, reserved 1048576K
}
Event: 91.251 GC heap after
{Heap after GC invocations=231 (full 161):
 PSYoungGen      total 74240K, used 46080K [0x00000000f5580000, 0x00000000fc000000, 0x0000000100000000)
  eden space 46080K, 100% used [0x00000000f5580000,0x00000000f8280000,0x00000000f8280000)
  from space 28160K, 0% used [0x00000000fa480000,0x00000000fa480000,0x00000000fc000000)
  to   space 23552K, 0% used [0x00000000f8280000,0x00000000f8280000,0x00000000f9980000)
 ParOldGen       total 349696K, used 349695K [0x00000000e0000000, 0x00000000f5580000, 0x00000000f5580000)
  object space 349696K, 99% used [0x00000000e0000000,0x00000000f557ff30,0x00000000f5580000)
 Metaspace       used 56252K, committed 57408K, reserved 1105920K
  class space    used 5574K, committed 6016K, reserved 1048576K
}
Event: 91.251 GC heap before
{Heap before GC invocations=232 (full 162):
 PSYoungGen      total 74240K, used 46080K [0x00000000f5580000, 0x00000000fc000000, 0x0000000100000000)
  eden space 46080K, 100% used [0x00000000f5580000,0x00000000f8280000,0x00000000f8280000)
  from space 28160K, 0% used [0x00000000fa480000,0x00000000fa480000,0x00000000fc000000)
  to   space 23552K, 0% used [0x00000000f8280000,0x00000000f8280000,0x00000000f9980000)
 ParOldGen       total 349696K, used 349695K [0x00000000e0000000, 0x00000000f5580000, 0x00000000f5580000)
  object space 349696K, 99% used [0x00000000e0000000,0x00000000f557ffa8,0x00000000f5580000)
 Metaspace       used 56252K, committed 57408K, reserved 1105920K
  class space    used 5574K, committed 6016K, reserved 1048576K
}
Event: 91.751 GC heap after
{Heap after GC invocations=232 (full 162):
 PSYoungGen      total 69632K, used 46079K [0x00000000f5580000, 0x00000000fc000000, 0x0000000100000000)
  eden space 46080K, 99% used [0x00000000f5580000,0x00000000f827ffd0,0x00000000f8280000)
  from space 23552K, 0% used [0x00000000f8280000,0x00000000f8280000,0x00000000f9980000)
  to   space 28160K, 0% used [0x00000000fa480000,0x00000000fa480000,0x00000000fc000000)
 ParOldGen       total 349696K, used 349695K [0x00000000e0000000, 0x00000000f5580000, 0x00000000f5580000)
  object space 349696K, 99% used [0x00000000e0000000,0x00000000f557ffa8,0x00000000f5580000)
 Metaspace       used 56252K, committed 57408K, reserved 1105920K
  class space    used 5574K, committed 6016K, reserved 1048576K
}
Event: 91.751 GC heap before
{Heap before GC invocations=233 (full 163):
 PSYoungGen      total 69632K, used 46079K [0x00000000f5580000, 0x00000000fc000000, 0x0000000100000000)
  eden space 46080K, 99% used [0x00000000f5580000,0x00000000f827ffd0,0x00000000f8280000)
  from space 23552K, 0% used [0x00000000f8280000,0x00000000f8280000,0x00000000f9980000)
  to   space 28160K, 0% used [0x00000000fa480000,0x00000000fa480000,0x00000000fc000000)
 ParOldGen       total 349696K, used 349695K [0x00000000e0000000, 0x00000000f5580000, 0x00000000f5580000)
  object space 349696K, 99% used [0x00000000e0000000,0x00000000f557ffa8,0x00000000f5580000)
 Metaspace       used 56252K, committed 57408K, reserved 1105920K
  class space    used 5574K, committed 6016K, reserved 1048576K
}
Event: 92.178 GC heap after
{Heap after GC invocations=233 (full 163):
 PSYoungGen      total 74240K, used 46079K [0x00000000f5580000, 0x00000000fc000000, 0x0000000100000000)
  eden space 46080K, 99% used [0x00000000f5580000,0x00000000f827ffd0,0x00000000f8280000)
  from space 28160K, 0% used [0x00000000fa480000,0x00000000fa480000,0x00000000fc000000)
  to   space 23552K, 0% used [0x00000000f8280000,0x00000000f8280000,0x00000000f9980000)
 ParOldGen       total 349696K, used 349695K [0x00000000e0000000, 0x00000000f5580000, 0x00000000f5580000)
  object space 349696K, 99% used [0x00000000e0000000,0x00000000f557ffa8,0x00000000f5580000)
 Metaspace       used 56252K, committed 57408K, reserved 1105920K
  class space    used 5574K, committed 6016K, reserved 1048576K
}
Event: 92.178 GC heap before
{Heap before GC invocations=234 (full 164):
 PSYoungGen      total 74240K, used 46080K [0x00000000f5580000, 0x00000000fc000000, 0x0000000100000000)
  eden space 46080K, 100% used [0x00000000f5580000,0x00000000f8280000,0x00000000f8280000)
  from space 28160K, 0% used [0x00000000fa480000,0x00000000fa480000,0x00000000fc000000)
  to   space 23552K, 0% used [0x00000000f8280000,0x00000000f8280000,0x00000000f9980000)
 ParOldGen       total 349696K, used 349695K [0x00000000e0000000, 0x00000000f5580000, 0x00000000f5580000)
  object space 349696K, 99% used [0x00000000e0000000,0x00000000f557fff8,0x00000000f5580000)
 Metaspace       used 56252K, committed 57408K, reserved 1105920K
  class space    used 5574K, committed 6016K, reserved 1048576K
}
Event: 92.651 GC heap after
{Heap after GC invocations=234 (full 164):
 PSYoungGen      total 69632K, used 46079K [0x00000000f5580000, 0x00000000fc000000, 0x0000000100000000)
  eden space 46080K, 99% used [0x00000000f5580000,0x00000000f827ffd0,0x00000000f8280000)
  from space 23552K, 0% used [0x00000000f8280000,0x00000000f8280000,0x00000000f9980000)
  to   space 28160K, 0% used [0x00000000fa480000,0x00000000fa480000,0x00000000fc000000)
 ParOldGen       total 349696K, used 349695K [0x00000000e0000000, 0x00000000f5580000, 0x00000000f5580000)
  object space 349696K, 99% used [0x00000000e0000000,0x00000000f557fcd8,0x00000000f5580000)
 Metaspace       used 56252K, committed 57408K, reserved 1105920K
  class space    used 5574K, committed 6016K, reserved 1048576K
}
Event: 92.652 GC heap before
{Heap before GC invocations=235 (full 165):
 PSYoungGen      total 69632K, used 46080K [0x00000000f5580000, 0x00000000fc000000, 0x0000000100000000)
  eden space 46080K, 100% used [0x00000000f5580000,0x00000000f8280000,0x00000000f8280000)
  from space 23552K, 0% used [0x00000000f8280000,0x00000000f8280000,0x00000000f9980000)
  to   space 28160K, 0% used [0x00000000fa480000,0x00000000fa480000,0x00000000fc000000)
 ParOldGen       total 349696K, used 349695K [0x00000000e0000000, 0x00000000f5580000, 0x00000000f5580000)
  object space 349696K, 99% used [0x00000000e0000000,0x00000000f557fcd8,0x00000000f5580000)
 Metaspace       used 56252K, committed 57408K, reserved 1105920K
  class space    used 5574K, committed 6016K, reserved 1048576K
}
Event: 93.074 GC heap after
{Heap after GC invocations=235 (full 165):
 PSYoungGen      total 74240K, used 46080K [0x00000000f5580000, 0x00000000fc000000, 0x0000000100000000)
  eden space 46080K, 100% used [0x00000000f5580000,0x00000000f8280000,0x00000000f8280000)
  from space 28160K, 0% used [0x00000000fa480000,0x00000000fa480000,0x00000000fc000000)
  to   space 23552K, 0% used [0x00000000f8280000,0x00000000f8280000,0x00000000f9980000)
 ParOldGen       total 349696K, used 349695K [0x00000000e0000000, 0x00000000f5580000, 0x00000000f5580000)
  object space 349696K, 99% used [0x00000000e0000000,0x00000000f557fcd8,0x00000000f5580000)
 Metaspace       used 56252K, committed 57408K, reserved 1105920K
  class space    used 5574K, committed 6016K, reserved 1048576K
}
Event: 93.074 GC heap before
{Heap before GC invocations=236 (full 166):
 PSYoungGen      total 74240K, used 46080K [0x00000000f5580000, 0x00000000fc000000, 0x0000000100000000)
  eden space 46080K, 100% used [0x00000000f5580000,0x00000000f8280000,0x00000000f8280000)
  from space 28160K, 0% used [0x00000000fa480000,0x00000000fa480000,0x00000000fc000000)
  to   space 23552K, 0% used [0x00000000f8280000,0x00000000f8280000,0x00000000f9980000)
 ParOldGen       total 349696K, used 349695K [0x00000000e0000000, 0x00000000f5580000, 0x00000000f5580000)
  object space 349696K, 99% used [0x00000000e0000000,0x00000000f557fcd8,0x00000000f5580000)
 Metaspace       used 56252K, committed 57408K, reserved 1105920K
  class space    used 5574K, committed 6016K, reserved 1048576K
}
Event: 93.489 GC heap after
{Heap after GC invocations=236 (full 166):
 PSYoungGen      total 69632K, used 46080K [0x00000000f5580000, 0x00000000fc000000, 0x0000000100000000)
  eden space 46080K, 100% used [0x00000000f5580000,0x00000000f8280000,0x00000000f8280000)
  from space 23552K, 0% used [0x00000000f8280000,0x00000000f8280000,0x00000000f9980000)
  to   space 28160K, 0% used [0x00000000fa480000,0x00000000fa480000,0x00000000fc000000)
 ParOldGen       total 349696K, used 349695K [0x00000000e0000000, 0x00000000f5580000, 0x00000000f5580000)
  object space 349696K, 99% used [0x00000000e0000000,0x00000000f557fcd8,0x00000000f5580000)
 Metaspace       used 56252K, committed 57408K, reserved 1105920K
  class space    used 5574K, committed 6016K, reserved 1048576K
}

